c:\users\marat\desktop\computergraphic\lab4\cglab4\x64\debug\vc143.pdb
c:\users\marat\desktop\computergraphic\lab4\cglab4\x64\debug\vc143.idb
c:\users\marat\desktop\computergraphic\lab4\cglab4\x64\debug\model.obj
c:\users\marat\desktop\computergraphic\lab4\cglab4\x64\debug\main.obj
c:\users\marat\desktop\computergraphic\lab4\cglab4\x64\debug\mathhelper.obj
c:\users\marat\desktop\computergraphic\lab4\cglab4\x64\debug\geometrygenerator.obj
c:\users\marat\desktop\computergraphic\lab4\cglab4\x64\debug\gametimer.obj
c:\users\marat\desktop\computergraphic\lab4\cglab4\x64\debug\ddstextureloader.obj
c:\users\marat\desktop\computergraphic\lab4\cglab4\x64\debug\d3dutil.obj
c:\users\marat\desktop\computergraphic\lab4\cglab4\x64\debug\d3dapp.obj
c:\users\marat\desktop\computergraphic\lab4\cglab4\x64\debug\camera.obj
c:\users\marat\desktop\computergraphic\lab4\x64\debug\cglab4.exe
c:\users\marat\desktop\computergraphic\lab4\x64\debug\cglab4.pdb
c:\users\marat\desktop\computergraphic\lab4\cglab4\x64\debug\cglab4.ilk
c:\users\marat\desktop\computergraphic\lab4\cglab4\x64\debug\cglab4.tlog\cl.command.1.tlog
c:\users\marat\desktop\computergraphic\lab4\cglab4\x64\debug\cglab4.tlog\cl.items.tlog
c:\users\marat\desktop\computergraphic\lab4\cglab4\x64\debug\cglab4.tlog\cl.read.1.tlog
c:\users\marat\desktop\computergraphic\lab4\cglab4\x64\debug\cglab4.tlog\cl.write.1.tlog
c:\users\marat\desktop\computergraphic\lab4\cglab4\x64\debug\cglab4.tlog\link.command.1.tlog
c:\users\marat\desktop\computergraphic\lab4\cglab4\x64\debug\cglab4.tlog\link.read.1.tlog
c:\users\marat\desktop\computergraphic\lab4\cglab4\x64\debug\cglab4.tlog\link.secondary.1.tlog
c:\users\marat\desktop\computergraphic\lab4\cglab4\x64\debug\cglab4.tlog\link.write.1.tlog
